Flutter1-SFR/Ej1/build/app/outputs/mapping/release/seeds.txt
androidx.window.extensions.core.util.function.Function
androidx.versionedparcelable.CustomVersionedParcelable
androidx.versionedparcelable.ParcelImpl
kotlin.internal.jdk7.JDK7PlatformImplementations
io.flutter.embedding.engine.FlutterJNI
io.flutter.plugin.editing.ImeSyncDeferringInsetsCallback
com.example.holamundo.MainActivity
androidx.annotation.Keep
androidx.window.extensions.core.util.function.Predicate
io.flutter.plugin.editing.ImeSyncDeferringInsetsCallback$AnimationCallback
io.flutter.embedding.engine.renderer.FlutterRenderer$ImageTextureRegistryEntry
androidx.profileinstaller.ProfileInstallReceiver
io.flutter.embedding.engine.renderer.FlutterRenderer$ImageReaderSurfaceProducer
androidx.window.area.reflectionguard.ExtensionWindowAreaPresentationRequirements
io.flutter.embedding.engine.FlutterOverlaySurface
androidx.browser.browseractions.BrowserActionsFallbackMenuView
io.flutter.view.TextureRegistry$ImageConsumer
androidx.window.area.reflectionguard.ExtensionWindowAreaStatusRequirements
androidx.window.layout.adapter.sidecar.SidecarCompat$TranslatingCallback
androidx.core.graphics.drawable.IconCompatParcelizer
androidx.window.area.reflectionguard.WindowAreaComponentApi2Requirements
androidx.profileinstaller.ProfileInstallerInitializer
kotlin.internal.jdk8.JDK8PlatformImplementations
io.flutter.view.AccessibilityViewEmbedder
androidx.window.area.reflectionguard.WindowAreaComponentApi3Requirements
androidx.core.graphics.drawable.IconCompat
io.flutter.embedding.engine.renderer.SurfaceTextureWrapper
androidx.startup.InitializationProvider
android.support.v4.app.RemoteActionCompatParcelizer
io.flutter.view.TextureRegistry$SurfaceProducer
kotlinx.coroutines.internal.StackTraceRecoveryKt
androidx.core.app.RemoteActionCompatParcelizer
io.flutter.plugin.platform.SingleViewPresentation
io.flutter.view.TextureRegistry$GLTextureConsumer
io.flutter.embedding.engine.plugins.lifecycle.HiddenLifecycleReference
androidx.lifecycle.ProcessLifecycleInitializer
androidx.core.app.CoreComponentFactory
io.flutter.view.FlutterCallbackInformation
io.flutter.plugins.GeneratedPluginRegistrant
io.flutter.view.TextureRegistry$ImageTextureEntry
android.support.v4.graphics.drawable.IconCompatParcelizer
androidx.window.extensions.core.util.function.Consumer
io.flutter.plugins.urllauncher.WebViewActivity
androidx.window.layout.adapter.sidecar.DistinctElementSidecarCallback
androidx.core.app.RemoteActionCompat
kotlin.coroutines.jvm.internal.BaseContinuationImpl
io.flutter.embedding.engine.mutatorsstack.FlutterMutatorsStack
io.flutter.view.TextureRegistry$SurfaceTextureEntry
kotlinx.coroutines.android.AndroidDispatcherFactory
kotlinx.coroutines.channels.BufferedChannel: long bufferEnd
kotlinx.coroutines.DefaultExecutor: int debugStatus
io.flutter.view.AccessibilityViewEmbedder: android.view.View rootAccessibilityView
io.flutter.embedding.engine.FlutterJNI: io.flutter.embedding.engine.FlutterJNI$AccessibilityDelegate accessibilityDelegate
kotlinx.coroutines.internal.ConcurrentLinkedListNode: java.lang.Object _prev
io.flutter.embedding.engine.renderer.SurfaceTextureWrapper: boolean released
io.flutter.embedding.engine.renderer.FlutterRenderer$ImageReaderSurfaceProducer: long lastQueueTime
androidx.concurrent.futures.AbstractResolvableFuture: androidx.concurrent.futures.AbstractResolvableFuture$Listener listeners
kotlinx.coroutines.CancellableContinuationImpl: java.lang.Object _state
io.flutter.embedding.engine.renderer.FlutterRenderer$ImageReaderSurfaceProducer: java.util.ArrayDeque imageReaderQueue
kotlinx.coroutines.internal.LockFreeTaskQueueCore: java.lang.Object _next
kotlinx.coroutines.JobSupport$Finishing: int _isCompleting
io.flutter.embedding.engine.renderer.FlutterRenderer$ImageTextureRegistryEntry: long id
kotlinx.coroutines.scheduling.WorkQueue: java.lang.Object lastScheduledTask
androidx.concurrent.futures.AbstractResolvableFuture$Waiter: java.lang.Thread thread
io.flutter.view.AccessibilityViewEmbedder: java.lang.String TAG