Flutter1-SFR/Ej1/build/app/outputs/mapping/release/mapping.txt
# compiler: R8
# compiler_version: 8.1.56
# min_api: 21
# common_typos_disable
# {"id":"com.android.tools.r8.mapping","version":"2.2"}
# pg_map_id: e890953
# pg_map_hash: SHA-256 e8909532a5bbd7d4412e2cc5bd84ed0fe59e73c3d5ef1aa50a34348a9457082e
...
io.flutter.view.AccessibilityViewEmbedder$$ExternalSyntheticApiModelOutline9 -> io.flutter.view.v:
# {"id":"sourceFile","fileName":"R8$$SyntheticClass"}
# {"id":"com.android.tools.r8.synthesized"}
    1:1:java.lang.CharSequence io.flutter.view.AccessibilityViewEmbedder$$InternalSyntheticApiModelOutline$1$5748db92e5ea0bf57e589b03ebff6c44bee4cdfa760f588503b01ab99cdc139b$8.m(android.view.accessibility.AccessibilityNodeInfo):0:0 -> a
      # {"id":"com.android.tools.r8.synthesized"}
io.flutter.view.AccessibilityViewEmbedder$1 -> io.flutter.view.AccessibilityViewEmbedder$a:
io.flutter.view.AccessibilityViewEmbedder$ReflectionAccessors -> io.flutter.view.AccessibilityViewEmbedder$b:
    java.lang.reflect.Method getSourceNodeId -> a
    java.lang.reflect.Method getParentNodeId -> b
    java.lang.reflect.Method getRecordSourceNodeId -> c
    java.lang.reflect.Method getChildId -> d
    java.lang.reflect.Field childNodeIdsField -> e
    java.lang.reflect.Method longArrayGetIndex -> f
    1:1:void <init>():0:0 -> <init>
    2:2:void <init>(io.flutter.view.AccessibilityViewEmbedder$1):0:0 -> <init>
      # {"id":"com.android.tools.r8.residualsignature","signature":"(Lio/flutter/view/AccessibilityViewEmbedder$a;)V"}
    1:1:java.lang.Long access$100(io.flutter.view.AccessibilityViewEmbedder$ReflectionAccessors,android.view.accessibility.AccessibilityNodeInfo):0:0 -> a
      # {"id":"com.android.tools.r8.residualsignature","signature":"(Lio/flutter/view/AccessibilityViewEmbedder$b;Landroid/view/accessibility/AccessibilityNodeInfo;)Ljava/lang/Long;"}
    1:1:int access$200(long):0:0 -> b
    1:1:java.lang.Long access$300(io.flutter.view.AccessibilityViewEmbedder$ReflectionAccessors,android.view.accessibility.AccessibilityNodeInfo):0:0 -> c
      # {"id":"com.android.tools.r8.residualsignature","signature":"(Lio/flutter/view/AccessibilityViewEmbedder$b;Landroid/view/accessibility/AccessibilityNodeInfo;)Ljava/lang/Long;"}
io.flutter.view.AccessibilityViewEmbedder$ViewAndId -> io.flutter.view.AccessibilityViewEmbedder$c:
    android.view.View view -> a
    int id -> b
    1:1:void <init>(android.view.View,int):0:0 -> <init>
    2:2:void <init>(android.view.View,int,io.flutter.view.AccessibilityViewEmbedder$1):0:0 -> <init>
      # {"id":"com.android.tools.r8.residualsignature","signature":"(Landroid/view/View;ILio/flutter/view/AccessibilityViewEmbedder$a;)V"}
io.flutter.view.TextureRegistry$ImageTextureEntry -> io.flutter.view.TextureRegistry$ImageTextureEntry:
    long id() -> id
      # {"id":"com.android.tools.r8.synthesized"}
    void release() -> release
      # {"id":"com.android.tools.r8.synthesized"}
io.flutter.view.TextureRegistry$OnFrameConsumedListener -> io.flutter.view.TextureRegistry$a:
io.flutter.view.TextureRegistry$OnTrimMemoryListener -> io.flutter.view.TextureRegistry$b:
io.flutter.view.TextureRegistry$SurfaceProducer -> io.flutter.view.TextureRegistry$SurfaceProducer:
    long id() -> id
      # {"id":"com.android.tools.r8.synthesized"}
    void release() -> release
      # {"id":"com.android.tools.r8.synthesized"}
io.flutter.view.TextureRegistry$SurfaceProducer$Callback -> io.flutter.view.TextureRegistry$SurfaceProducer$a:
io.flutter.view.TextureRegistry$SurfaceTextureEntry -> io.flutter.view.TextureRegistry$SurfaceTextureEntry:
    long id() -> id
      # {"id":"com.android.tools.r8.synthesized"}
    void release() -> release
      # {"id":"com.android.tools.r8.synthesized"}